2024-02-06 13:24:35,749 INFO o.a.j.u.JMeterUtils: Setting Locale to en_EN
2024-02-06 13:24:35,775 INFO o.a.j.JMeter: Loading user properties from: /opt/apache-jmeter-5.5/bin/user.properties
2024-02-06 13:24:35,776 INFO o.a.j.JMeter: Loading system properties from: /opt/apache-jmeter-5.5/bin/system.properties
2024-02-06 13:24:35,776 INFO o.a.j.JMeter: Setting System property: log4j2.formatMsgNoLookups=true
2024-02-06 13:24:35,776 INFO o.a.j.JMeter: Setting System property: log_level.jmeter=DEBUG
2024-02-06 13:24:35,786 INFO o.a.j.JMeter: Copyright (c) 1998-2022 The Apache Software Foundation
2024-02-06 13:24:35,786 INFO o.a.j.JMeter: Version 5.5
2024-02-06 13:24:35,787 INFO o.a.j.JMeter: java.version=1.8.0_275
2024-02-06 13:24:35,787 INFO o.a.j.JMeter: java.vm.name=OpenJDK 64-Bit Server VM
2024-02-06 13:24:35,787 INFO o.a.j.JMeter: os.name=Linux
2024-02-06 13:24:35,787 INFO o.a.j.JMeter: os.arch=amd64
2024-02-06 13:24:35,787 INFO o.a.j.JMeter: os.version=5.15.133.1-microsoft-standard-WSL2
2024-02-06 13:24:35,787 INFO o.a.j.JMeter: file.encoding=UTF-8
2024-02-06 13:24:35,787 INFO o.a.j.JMeter: java.awt.headless=true
2024-02-06 13:24:35,787 INFO o.a.j.JMeter: Max memory     =1920991232
2024-02-06 13:24:35,787 INFO o.a.j.JMeter: Available Processors =8
2024-02-06 13:24:35,792 INFO o.a.j.JMeter: Default Locale=English (EN)
2024-02-06 13:24:35,792 INFO o.a.j.JMeter: JMeter  Locale=English (EN)
2024-02-06 13:24:35,793 INFO o.a.j.JMeter: JMeterHome=/opt/apache-jmeter-5.5
2024-02-06 13:24:35,793 INFO o.a.j.JMeter: user.dir  =/teste
2024-02-06 13:24:35,793 INFO o.a.j.JMeter: PWD       =/teste
2024-02-06 13:24:35,793 INFO o.a.j.JMeter: IP: 172.17.0.2 Name: 6ba820490068 FullName: 6ba820490068
2024-02-06 13:24:35,813 INFO o.a.j.JMeter: Setting property 'jmeter.reportgenerator.outputdir' to:'/teste/./report'
2024-02-06 13:24:35,814 ERROR o.a.j.JMeter: An error occurred: 
org.apache.jmeter.report.config.ConfigurationException: The file /teste/bot-busca-google.jmx doesn't exist or can't be opened
	at org.apache.jmeter.JMeter.runNonGui(JMeter.java:927) ~[ApacheJMeter_core.jar:5.5]
	at org.apache.jmeter.JMeter.startNonGui(JMeter.java:917) ~[ApacheJMeter_core.jar:5.5]
	at org.apache.jmeter.JMeter.start(JMeter.java:485) ~[ApacheJMeter_core.jar:5.5]
	at sun.reflect.NativeMethodAccessorImpl.invoke0(Native Method) ~[?:1.8.0_275]
	at sun.reflect.NativeMethodAccessorImpl.invoke(NativeMethodAccessorImpl.java:62) ~[?:1.8.0_275]
	at sun.reflect.DelegatingMethodAccessorImpl.invoke(DelegatingMethodAccessorImpl.java:43) ~[?:1.8.0_275]
	at java.lang.reflect.Method.invoke(Method.java:498) ~[?:1.8.0_275]
	at org.apache.jmeter.NewDriver.main(NewDriver.java:259) ~[ApacheJMeter.jar:5.5]
